#
# There is insufficient memory for the Java Runtime Environment to continue.
# Native memory allocation (mmap) failed to map 264241152 bytes. Error detail: G1 virtual space
# Possible reasons:
#   The system is out of physical RAM or swap space
#   This process is running with CompressedOops enabled, and the Java Heap may be blocking the growth of the native heap
# Possible solutions:
#   Reduce memory load on the system
#   Increase physical memory or swap space
#   Check if swap backing store is full
#   Decrease Java heap size (-Xmx/-Xms)
#   Decrease number of Java threads
#   Decrease Java thread stack sizes (-Xss)
#   Set larger code cache with -XX:ReservedCodeCacheSize=
#   JVM is running with Zero Based Compressed Oops mode in which the Java heap is
#     placed in the first 32GB address space. The Java Heap base address is the
#     maximum limit for the native heap growth. Please use -XX:HeapBaseMinAddress
#     to set the Java Heap base and to place the Java Heap above 32GB virtual address.
# This output file may be truncated or incomplete.
#
#  Out of Memory Error (os_windows.cpp:3703), pid=21752, tid=30704
#
# JRE version:  (23.0+37) (build )
# Java VM: Java HotSpot(TM) 64-Bit Server VM (23+37-2369, mixed mode, sharing, tiered, compressed oops, compressed class ptrs, g1 gc, windows-amd64)
# No core dump will be written. Minidumps are not enabled by default on client versions of Windows
#

---------------  S U M M A R Y ------------

Command Line: -XX:+ShowCodeDetailsInExceptionMessages QuanLyCHTL.ListPhieu

Host: 11th Gen Intel(R) Core(TM) i5-1135G7 @ 2.40GHz, 8 cores, 15G,  Windows 11 , 64 bit Build 22621 (10.0.22621.4391)
Time: Tue Dec  3 16:05:48 2024 SE Asia Standard Time elapsed time: 0.046316 seconds (0d 0h 0m 0s)

---------------  T H R E A D  ---------------

Current thread (0x0000019a1c0ef4a0):  JavaThread "Unknown thread" [_thread_in_vm, id=30704, stack(0x00000009a1100000,0x00000009a1200000) (1024K)]

Stack: [0x00000009a1100000,0x00000009a1200000]
Native frames: (J=compiled Java code, j=interpreted, Vv=VM code, C=native code)
V  [jvm.dll+0x6e08a9]  (no source info available)
V  [jvm.dll+0x87da63]  (no source info available)
V  [jvm.dll+0x87feee]  (no source info available)
V  [jvm.dll+0x8805c3]  (no source info available)
V  [jvm.dll+0x27aee6]  (no source info available)
V  [jvm.dll+0x6dd1b5]  (no source info available)
V  [jvm.dll+0x6d103a]  (no source info available)
V  [jvm.dll+0x35b3ea]  (no source info available)
V  [jvm.dll+0x3637f6]  (no source info available)
V  [jvm.dll+0x34fd5e]  (no source info available)
V  [jvm.dll+0x34fff8]  (no source info available)
V  [jvm.dll+0x3289cc]  (no source info available)
V  [jvm.dll+0x32966e]  (no source info available)
V  [jvm.dll+0x8442e5]  (no source info available)
V  [jvm.dll+0x3b9848]  (no source info available)
V  [jvm.dll+0x82d0dc]  (no source info available)
V  [jvm.dll+0x454d4e]  (no source info available)
V  [jvm.dll+0x456bd1]  (no source info available)
C  [jli.dll+0x52a3]  (no source info available)
C  [ucrtbase.dll+0x29333]  (no source info available)
C  [KERNEL32.DLL+0x1259d]  (no source info available)
C  [ntdll.dll+0x5af38]  (no source info available)

Lock stack of current Java thread (top to bottom):


---------------  P R O C E S S  ---------------

Threads class SMR info:
_java_thread_list=0x00007ffcaadc3618, length=0, elements={
}

Java Threads: ( => current thread )
Total: 0

Other Threads:
  0x0000019a1c153170 WorkerThread "GC Thread#0"                     [id=29408, stack(0x00000009a1200000,0x00000009a1300000) (1024K)]
  0x0000019a1c167e30 ConcurrentGCThread "G1 Main Marker"            [id=32112, stack(0x00000009a1300000,0x00000009a1400000) (1024K)]
  0x0000019a1c168940 WorkerThread "G1 Conc#0"                       [id=28356, stack(0x00000009a1400000,0x00000009a1500000) (1024K)]

[error occurred during error reporting (printing all threads), id 0xc0000005, EXCEPTION_ACCESS_VIOLATION (0xc0000005) at pc=0x00007ffcaa50bfba]
VM state: not at safepoint (not fully initialized)

VM Mutex/Monitor currently owned by a thread:  ([mutex/lock_event])
[0x00007ffcaae43a10] Heap_lock - owner thread: 0x0000019a1c0ef4a0

Heap address: 0x0000000704200000, size: 4030 MB, Compressed Oops mode: Zero based, Oop shift amount: 3

CDS archive(s) mapped at: [0x0000000000000000-0x0000000000000000-0x0000000000000000), size 0, SharedBaseAddress: 0x0000000800000000, ArchiveRelocationMode: 1.
Narrow klass base: 0x0000000000000000, Narrow klass shift: 0, Narrow klass range: 0x0

GC Precious Log:
 CardTable entry size: 512
 Card Set container configuration: InlinePtr #cards 4 size 8 Array Of Cards #cards 16 size 48 Howl #buckets 8 coarsen threshold 3686 Howl Bitmap #cards 512 size 80 coarsen threshold 460 Card regions per heap region 1 cards per card region 4096

Heap:
 garbage-first heap   total reserved 4126720K, committed 0K, used 0K [0x0000000704200000, 0x0000000800000000)
  region size 2048K, 0 young (0K), 0 survivors (0K)

[error occurred during error reporting (printing heap information), id 0xc0000005, EXCEPTION_ACCESS_VIOLATION (0xc0000005) at pc=0x00007ffcaa90c3b9]
GC Heap History (0 events):
No events

Dll operation events (1 events):
Event: 0.009 Loaded shared library C:\Program Files\Java\jdk-23\bin\java.dll

Deoptimization events (0 events):
No events

Classes loaded (0 events):
No events

Classes unloaded (0 events):
No events

Classes redefined (0 events):
No events

Internal exceptions (0 events):
No events

VM Operations (0 events):
No events

Memory protections (0 events):
No events

Nmethod flushes (0 events):
No events

Events (0 events):
No events


Dynamic libraries:
0x00007ff7f84a0000 - 0x00007ff7f84b0000 	C:\Program Files\Java\jdk-23\bin\java.exe
0x00007ffd48970000 - 0x00007ffd48b87000 	C:\WINDOWS\SYSTEM32\ntdll.dll
0x00007ffd474a0000 - 0x00007ffd47564000 	C:\WINDOWS\System32\KERNEL32.DLL
0x00007ffd45c70000 - 0x00007ffd46029000 	C:\WINDOWS\System32\KERNELBASE.dll
0x00007ffd461d0000 - 0x00007ffd462e1000 	C:\WINDOWS\System32\ucrtbase.dll
0x00007ffd41a50000 - 0x00007ffd41a6b000 	C:\Program Files\Java\jdk-23\bin\VCRUNTIME140.dll
0x00007ffd316f0000 - 0x00007ffd31707000 	C:\Program Files\Java\jdk-23\bin\jli.dll
0x00007ffd46790000 - 0x00007ffd4693e000 	C:\WINDOWS\System32\USER32.dll
0x00007ffd461a0000 - 0x00007ffd461c6000 	C:\WINDOWS\System32\win32u.dll
0x00007ffd2dd40000 - 0x00007ffd2dfd2000 	C:\WINDOWS\WinSxS\amd64_microsoft.windows.common-controls_6595b64144ccf1df_6.0.22621.4391_none_2715d37f73803e96\COMCTL32.dll
0x00007ffd48850000 - 0x00007ffd48879000 	C:\WINDOWS\System32\GDI32.dll
0x00007ffd48780000 - 0x00007ffd48827000 	C:\WINDOWS\System32\msvcrt.dll
0x00007ffd46570000 - 0x00007ffd4668b000 	C:\WINDOWS\System32\gdi32full.dll
0x00007ffd463e0000 - 0x00007ffd4647a000 	C:\WINDOWS\System32\msvcp_win.dll
0x00007ffd48120000 - 0x00007ffd48151000 	C:\WINDOWS\System32\IMM32.DLL
0x00007ffd41a40000 - 0x00007ffd41a4c000 	C:\Program Files\Java\jdk-23\bin\vcruntime140_1.dll
0x00007ffd04120000 - 0x00007ffd041ae000 	C:\Program Files\Java\jdk-23\bin\msvcp140.dll
0x00007ffcaa1d0000 - 0x00007ffcaaf1f000 	C:\Program Files\Java\jdk-23\bin\server\jvm.dll
0x00007ffd47350000 - 0x00007ffd47402000 	C:\WINDOWS\System32\ADVAPI32.dll
0x00007ffd48880000 - 0x00007ffd48927000 	C:\WINDOWS\System32\sechost.dll
0x00007ffd46540000 - 0x00007ffd46568000 	C:\WINDOWS\System32\bcrypt.dll
0x00007ffd47570000 - 0x00007ffd47684000 	C:\WINDOWS\System32\RPCRT4.dll
0x00007ffd47410000 - 0x00007ffd47481000 	C:\WINDOWS\System32\WS2_32.dll
0x00007ffd458c0000 - 0x00007ffd4590d000 	C:\WINDOWS\SYSTEM32\POWRPROF.dll
0x00007ffd40f00000 - 0x00007ffd40f0a000 	C:\WINDOWS\SYSTEM32\VERSION.dll
0x00007ffd40f50000 - 0x00007ffd40f84000 	C:\WINDOWS\SYSTEM32\WINMM.dll
0x00007ffd456c0000 - 0x00007ffd456d3000 	C:\WINDOWS\SYSTEM32\UMPDC.dll
0x00007ffd44c70000 - 0x00007ffd44c88000 	C:\WINDOWS\SYSTEM32\kernel.appcore.dll
0x00007ffd30530000 - 0x00007ffd3053a000 	C:\Program Files\Java\jdk-23\bin\jimage.dll
0x00007ffd42a80000 - 0x00007ffd42cb2000 	C:\WINDOWS\SYSTEM32\DBGHELP.DLL
0x00007ffd46f70000 - 0x00007ffd472ff000 	C:\WINDOWS\System32\combase.dll
0x00007ffd48640000 - 0x00007ffd48717000 	C:\WINDOWS\System32\OLEAUT32.dll
0x00007ffd2e200000 - 0x00007ffd2e232000 	C:\WINDOWS\SYSTEM32\dbgcore.DLL
0x00007ffd462f0000 - 0x00007ffd4636b000 	C:\WINDOWS\System32\bcryptPrimitives.dll
0x00007ffd2a5e0000 - 0x00007ffd2a5fe000 	C:\Program Files\Java\jdk-23\bin\java.dll
0x00007ffd48170000 - 0x00007ffd48315000 	C:\WINDOWS\System32\ole32.dll
0x00007ffd477a0000 - 0x00007ffd48016000 	C:\WINDOWS\System32\SHELL32.dll

dbghelp: loaded successfully - version: 4.0.5 - missing functions: none
symbol engine: initialized successfully - sym options: 0x614 - pdb path: .;C:\Program Files\Java\jdk-23\bin;C:\WINDOWS\SYSTEM32;C:\WINDOWS\WinSxS\amd64_microsoft.windows.common-controls_6595b64144ccf1df_6.0.22621.4391_none_2715d37f73803e96;C:\Program Files\Java\jdk-23\bin\server

VM Arguments:
jvm_args: -XX:+ShowCodeDetailsInExceptionMessages 
java_command: QuanLyCHTL.ListPhieu
java_class_path (initial): D:\HK1-24-25\OOP\Do-An
Launcher Type: SUN_STANDARD

[Global flags]
     intx CICompilerCount                          = 4                                         {product} {ergonomic}
     uint ConcGCThreads                            = 2                                         {product} {ergonomic}
     uint G1ConcRefinementThreads                  = 8                                         {product} {ergonomic}
   size_t G1HeapRegionSize                         = 2097152                                   {product} {ergonomic}
   size_t InitialHeapSize                          = 264241152                                 {product} {ergonomic}
   size_t MarkStackSize                            = 4194304                                   {product} {ergonomic}
   size_t MarkStackSizeMax                         = 536870912                                 {product} {ergonomic}
   size_t MaxHeapSize                              = 4225761280                                {product} {ergonomic}
   size_t MinHeapDeltaBytes                        = 2097152                                   {product} {ergonomic}
   size_t MinHeapSize                              = 8388608                                   {product} {ergonomic}
    uintx NonNMethodCodeHeapSize                   = 5832704                                {pd product} {ergonomic}
    uintx NonProfiledCodeHeapSize                  = 122945536                              {pd product} {ergonomic}
    uintx ProfiledCodeHeapSize                     = 122880000                              {pd product} {ergonomic}
    uintx ReservedCodeCacheSize                    = 251658240                              {pd product} {ergonomic}
     bool SegmentedCodeCache                       = true                                      {product} {ergonomic}
     bool ShowCodeDetailsInExceptionMessages       = true                                   {manageable} {command line}
   size_t SoftMaxHeapSize                          = 4225761280                             {manageable} {ergonomic}
     bool UseCompressedOops                        = true                           {product lp64_product} {ergonomic}
     bool UseG1GC                                  = true                                      {product} {ergonomic}
     bool UseLargePagesIndividualAllocation        = false                                  {pd product} {ergonomic}

Logging:
Log output configuration:
 #0: stdout all=warning uptime,level,tags foldmultilines=false
 #1: stderr all=off uptime,level,tags foldmultilines=false

Environment Variables:
JAVA_HOME=C:\Program Files\Java\jdk-23
PATH=C:\Program Files\Common Files\Oracle\Java\javapath;C:\WINDOWS\system32;C:\WINDOWS;C:\WINDOWS\System32\Wbem;C:\WINDOWS\System32\WindowsPowerShell\v1.0\;C:\WINDOWS\System32\OpenSSH\;C:\Program Files\Java\jdk-23\bin;C:\MinGW\bin;C:\MinGW\bin;D:\msys2\mingw64\bin;C:\Program Files (x86)\Microsoft SQL Server\160\Tools\Binn\;C:\Program Files\Microsoft SQL Server\160\Tools\Binn\;C:\Program Files\Microsoft SQL Server\Client SDK\ODBC\170\Tools\Binn\;C:\Program Files\Microsoft SQL Server\160\DTS\Binn\;C:\Program Files (x86)\Microsoft SQL Server\160\DTS\Binn\;D:\Git\cmd;C:\Users\lievi\AppData\Local\Microsoft\WindowsApps;C:\Users\lievi\AppData\Local\Programs\Microsoft VS Code\bin
USERNAME=lievi
LANG=en_US.UTF-8
OS=Windows_NT
PROCESSOR_IDENTIFIER=Intel64 Family 6 Model 140 Stepping 1, GenuineIntel
TMP=C:\Users\lievi\AppData\Local\Temp
TEMP=C:\Users\lievi\AppData\Local\Temp




Periodic native trim disabled

---------------  S Y S T E M  ---------------

OS:
 Windows 11 , 64 bit Build 22621 (10.0.22621.4391)
OS uptime: 19 days 13:03 hours
Hyper-V role detected

CPU: total 8 (initial active 8) (4 cores per cpu, 2 threads per core) family 6 model 140 stepping 1 microcode 0xb8, cx8, cmov, fxsr, ht, mmx, 3dnowpref, sse, sse2, sse3, ssse3, sse4.1, sse4.2, popcnt, lzcnt, tsc, tscinvbit, avx, avx2, aes, erms, clmul, bmi1, bmi2, adx, avx512f, avx512dq, avx512cd, avx512bw, avx512vl, sha, fma, vzeroupper, avx512_vpopcntdq, avx512_vpclmulqdq, avx512_vaes, avx512_vnni, clflush, clflushopt, clwb, avx512_vbmi2, avx512_vbmi, hv, rdtscp, rdpid, fsrm, gfni, avx512_bitalg, f16c, cet_ibt, cet_ss, avx512_ifma
Processor Information for the first 8 processors :
  Max Mhz: 1382, Current Mhz: 1382, Mhz Limit: 1382

Memory: 4k page, system-wide physical 16118M (4610M free)
TotalPageFile size 46499M (AvailPageFile size 191M)
current process WorkingSet (physical memory assigned to process): 12M, peak: 12M
current process commit charge ("private bytes"): 60M, peak: 312M

vm_info: Java HotSpot(TM) 64-Bit Server VM (23+37-2369) for windows-amd64 JRE (23+37-2369), built on 2024-08-20T16:01:23Z with MS VC++ 17.6 (VS2022)

END.
